# JRE version: OpenJDK Runtime Environment (8.0_112-b06) (build 1.8.0_112-release-b06)
# Java VM: OpenJDK 64-Bit Server VM (25.112-b06 mixed mode windows-amd64 compressed oops)
Heap:
 PSYoungGen      total 233472K, used 81412K [0x00000000e0000000, 0x00000000f2300000, 0x0000000100000000)
  eden space 200704K, 24% used [0x00000000e0000000,0x00000000e2fcd718,0x00000000ec400000)
  from space 32768K, 99% used [0x00000000ec880000,0x00000000ee833a78,0x00000000ee880000)
  to   space 48640K, 0% used [0x00000000ef380000,0x00000000ef380000,0x00000000f2300000)
 ParOldGen       total 277504K, used 67460K [0x00000000a0000000, 0x00000000b0f00000, 0x00000000e0000000)
  object space 277504K, 24% used [0x00000000a0000000,0x00000000a41e13c8,0x00000000b0f00000)
 Metaspace       used 70391K, capacity 73358K, committed 73472K, reserved 1114112K
  class space    used 8705K, capacity 9175K, committed 9216K, reserved 1048576K
GC Heap History (10 events):
Event: 995.115 GC heap before
{Heap before GC invocations=18 (full 3):
 PSYoungGen      total 254976K, used 246898K [0x00000000e0000000, 0x00000000f1d80000, 0x0000000100000000)
  eden space 232960K, 100% used [0x00000000e0000000,0x00000000ee380000,0x00000000ee380000)
  from space 22016K, 63% used [0x00000000f0800000,0x00000000f159cae0,0x00000000f1d80000)
  to   space 29696K, 0% used [0x00000000ee380000,0x00000000ee380000,0x00000000f0080000)
 ParOldGen       total 277504K, used 45407K [0x00000000a0000000, 0x00000000b0f00000, 0x00000000e0000000)
  object space 277504K, 16% used [0x00000000a0000000,0x00000000a2c57f98,0x00000000b0f00000)
 Metaspace       used 68029K, capacity 70470K, committed 70784K, reserved 1112064K
  class space    used 8550K, capacity 9002K, committed 9088K, reserved 1048576K
Event: 995.126 GC heap after
Heap after GC invocations=18 (full 3):
 PSYoungGen      total 235008K, used 7384K [0x00000000e0000000, 0x00000000f1800000, 0x0000000100000000)
  eden space 227328K, 0% used [0x00000000e0000000,0x00000000e0000000,0x00000000ede00000)
  from space 7680K, 96% used [0x00000000ee380000,0x00000000eeab6198,0x00000000eeb00000)
  to   space 29696K, 0% used [0x00000000efb00000,0x00000000efb00000,0x00000000f1800000)
 ParOldGen       total 277504K, used 45415K [0x00000000a0000000, 0x00000000b0f00000, 0x00000000e0000000)
  object space 277504K, 16% used [0x00000000a0000000,0x00000000a2c59f98,0x00000000b0f00000)
 Metaspace       used 68029K, capacity 70470K, committed 70784K, reserved 1112064K
  class space    used 8550K, capacity 9002K, committed 9088K, reserved 1048576K
}
Event: 1014.434 GC heap before
{Heap before GC invocations=19 (full 3):
 PSYoungGen      total 235008K, used 234712K [0x00000000e0000000, 0x00000000f1800000, 0x0000000100000000)
  eden space 227328K, 100% used [0x00000000e0000000,0x00000000ede00000,0x00000000ede00000)
  from space 7680K, 96% used [0x00000000ee380000,0x00000000eeab6198,0x00000000eeb00000)
  to   space 29696K, 0% used [0x00000000efb00000,0x00000000efb00000,0x00000000f1800000)
 ParOldGen       total 277504K, used 45415K [0x00000000a0000000, 0x00000000b0f00000, 0x00000000e0000000)
  object space 277504K, 16% used [0x00000000a0000000,0x00000000a2c59f98,0x00000000b0f00000)
 Metaspace       used 68481K, capacity 71088K, committed 71296K, reserved 1112064K
  class space    used 8574K, capacity 9039K, committed 9088K, reserved 1048576K
Event: 1014.479 GC heap after
Heap after GC invocations=19 (full 3):
 PSYoungGen      total 244736K, used 29680K [0x00000000e0000000, 0x00000000f2a80000, 0x0000000100000000)
  eden space 215040K, 0% used [0x00000000e0000000,0x00000000e0000000,0x00000000ed200000)
  from space 29696K, 99% used [0x00000000efb00000,0x00000000f17fc3d8,0x00000000f1800000)
  to   space 41984K, 0% used [0x00000000ed200000,0x00000000ed200000,0x00000000efb00000)
 ParOldGen       total 277504K, used 67436K [0x00000000a0000000, 0x00000000b0f00000, 0x00000000e0000000)
  object space 277504K, 24% used [0x00000000a0000000,0x00000000a41db3c8,0x00000000b0f00000)
 Metaspace       used 68481K, capacity 71088K, committed 71296K, reserved 1112064K
  class space    used 8574K, capacity 9039K, committed 9088K, reserved 1048576K
}
Event: 1031.082 GC heap before
{Heap before GC invocations=20 (full 3):
 PSYoungGen      total 244736K, used 244720K [0x00000000e0000000, 0x00000000f2a80000, 0x0000000100000000)
  eden space 215040K, 100% used [0x00000000e0000000,0x00000000ed200000,0x00000000ed200000)
  from space 29696K, 99% used [0x00000000efb00000,0x00000000f17fc3d8,0x00000000f1800000)
  to   space 41984K, 0% used [0x00000000ed200000,0x00000000ed200000,0x00000000efb00000)
 ParOldGen       total 277504K, used 67436K [0x00000000a0000000, 0x00000000b0f00000, 0x00000000e0000000)
  object space 277504K, 24% used [0x00000000a0000000,0x00000000a41db3c8,0x00000000b0f00000)
 Metaspace       used 69165K, capacity 71712K, committed 71808K, reserved 1112064K
  class space    used 8587K, capacity 9048K, committed 9088K, reserved 1048576K
Event: 1031.114 GC heap after
Heap after GC invocations=20 (full 3):
 PSYoungGen      total 246272K, used 36037K [0x00000000e0000000, 0x00000000f2700000, 0x0000000100000000)
  eden space 209920K, 0% used [0x00000000e0000000,0x00000000e0000000,0x00000000ecd00000)
  from space 36352K, 99% used [0x00000000ed200000,0x00000000ef531780,0x00000000ef580000)
  to   space 46080K, 0% used [0x00000000efa00000,0x00000000efa00000,0x00000000f2700000)
 ParOldGen       total 277504K, used 67444K [0x00000000a0000000, 0x00000000b0f00000, 0x00000000e0000000)
  object space 277504K, 24% used [0x00000000a0000000,0x00000000a41dd3c8,0x00000000b0f00000)
 Metaspace       used 69165K, capacity 71712K, committed 71808K, reserved 1112064K
  class space    used 8587K, capacity 9048K, committed 9088K, reserved 1048576K
}
Event: 1081.432 GC heap before
{Heap before GC invocations=21 (full 3):
 PSYoungGen      total 246272K, used 245957K [0x00000000e0000000, 0x00000000f2700000, 0x0000000100000000)
  eden space 209920K, 100% used [0x00000000e0000000,0x00000000ecd00000,0x00000000ecd00000)
  from space 36352K, 99% used [0x00000000ed200000,0x00000000ef531780,0x00000000ef580000)
  to   space 46080K, 0% used [0x00000000efa00000,0x00000000efa00000,0x00000000f2700000)
 ParOldGen       total 277504K, used 67444K [0x00000000a0000000, 0x00000000b0f00000, 0x00000000e0000000)
  object space 277504K, 24% used [0x00000000a0000000,0x00000000a41dd3c8,0x00000000b0f00000)
 Metaspace       used 69472K, capacity 72222K, committed 72320K, reserved 1112064K
  class space    used 8607K, capacity 9073K, committed 9088K, reserved 1048576K
Event: 1081.463 GC heap after
Heap after GC invocations=21 (full 3):
 PSYoungGen      total 248832K, used 28983K [0x00000000e0000000, 0x00000000f2480000, 0x0000000100000000)
  eden space 205312K, 0% used [0x00000000e0000000,0x00000000e0000000,0x00000000ec880000)
  from space 43520K, 66% used [0x00000000efa00000,0x00000000f164df30,0x00000000f2480000)
  to   space 47104K, 0% used [0x00000000ec880000,0x00000000ec880000,0x00000000ef680000)
 ParOldGen       total 277504K, used 67452K [0x00000000a0000000, 0x00000000b0f00000, 0x00000000e0000000)
  object space 277504K, 24% used [0x00000000a0000000,0x00000000a41df3c8,0x00000000b0f00000)
 Metaspace       used 69472K, capacity 72222K, committed 72320K, reserved 1112064K
  class space    used 8607K, capacity 9073K, committed 9088K, reserved 1048576K
}
Event: 1283.303 GC heap before
{Heap before GC invocations=22 (full 3):
 PSYoungGen      total 248832K, used 234295K [0x00000000e0000000, 0x00000000f2480000, 0x0000000100000000)
  eden space 205312K, 100% used [0x00000000e0000000,0x00000000ec880000,0x00000000ec880000)
  from space 43520K, 66% used [0x00000000efa00000,0x00000000f164df30,0x00000000f2480000)
  to   space 47104K, 0% used [0x00000000ec880000,0x00000000ec880000,0x00000000ef680000)
 ParOldGen       total 277504K, used 67452K [0x00000000a0000000, 0x00000000b0f00000, 0x00000000e0000000)
  object space 277504K, 24% used [0x00000000a0000000,0x00000000a41df3c8,0x00000000b0f00000)
 Metaspace       used 70334K, capacity 73282K, committed 73472K, reserved 1114112K
  class space    used 8704K, capacity 9173K, committed 9216K, reserved 1048576K
Event: 1283.336 GC heap after
Heap after GC invocations=22 (full 3):
 PSYoungGen      total 233472K, used 32462K [0x00000000e0000000, 0x00000000f2300000, 0x0000000100000000)
  eden space 200704K, 0% used [0x00000000e0000000,0x00000000e0000000,0x00000000ec400000)
  from space 32768K, 99% used [0x00000000ec880000,0x00000000ee833a78,0x00000000ee880000)
  to   space 48640K, 0% used [0x00000000ef380000,0x00000000ef380000,0x00000000f2300000)
 ParOldGen       total 277504K, used 67460K [0x00000000a0000000, 0x00000000b0f00000, 0x00000000e0000000)
  object space 277504K, 24% used [0x00000000a0000000,0x00000000a41e13c8,0x00000000b0f00000)
 Metaspace       used 70334K, capacity 73282K, committed 73472K, reserved 1114112K
  class space    used 8704K, capacity 9173K, committed 9216K, reserved 1048576K
}

